<?xml version="1.0" encoding="UTF-8"?>
<!-- Generated by org.testng.reporters.JUnitXMLReporter -->
<testsuite hostname="QCLAP1012P593" ignored="0" name="MajescoUI" tests="3" failures="0" timestamp="2021-12-24T17:58:34 IST" time="41.458" errors="0">
  <testcase name="googleLaunchWebAppln" time="3.936" classname="majescoTests.MajescoTest"/>
  <testcase name="searchMajescoInGoogleSearch" time="7.332" classname="majescoTests.MajescoTest"/>
  <testcase name="verifyAboutMajescoPageDisplayed" time="6.434" classname="majescoTests.MajescoTest"/>
</testsuite> <!-- MajescoUI -->
