<?xml version="1.0" encoding="UTF-8"?>
<testsuite xmlns:xsi="http://www.w3.org/2001/XMLSchema-instance" xsi:noNamespaceSchemaLocation="https://maven.apache.org/surefire/maven-surefire-plugin/xsd/surefire-test-report.xsd" name="TestSuite" time="50.329" tests="4" errors="0" skipped="0" failures="0">
  <properties>
[...]
</properties>
  <testcase name="googleLaunchWebAppln" classname="majescoTests.MajescoTest" time="4.111"/>
  <testcase name="searchMajescoInGoogleSearch" classname="majescoTests.MajescoTest" time="7.529"/>
  <testcase name="verifyAboutMajescoPageDisplayed" classname="majescoTests.MajescoTest" time="7.208"/>
  <testcase name="getKey" classname="majescoTests.MajescoAPITest" time="6.158"/>
</testsuite>